<?xml version="1.0" encoding="UTF-8"?>
<!-- Generated by org.testng.reporters.JUnitReportReporter -->
<testsuite skipped="0" hostname="anita-ThinkPad-E480" name="testcases.TC01_GET_BadgesIDsAPI" tests="2" failures="0" timestamp="2020-09-02T01:16:45 IST" time="5.017" errors="0">
  <testcase name="verifyStatusCode" time="2.901" classname="testcases.TC01_GET_BadgesIDsAPI"/>
  <testcase name="verifyStatusCode" time="2.116" classname="testcases.TC01_GET_BadgesIDsAPI"/>
</testsuite> <!-- testcases.TC01_GET_BadgesIDsAPI -->
