<?xml version="1.0" encoding="UTF-8"?>
<!-- Generated by org.testng.reporters.JUnitReportReporter -->
<testsuite skipped="0" hostname="anita-ThinkPad-E480" name="testcases.TC02_GET_badgesRecipients" tests="2" failures="0" timestamp="2020-09-02T01:05:07 IST" time="0.364" errors="0">
  <testcase name="verifyItems" time="0.362" classname="testcases.TC02_GET_badgesRecipients"/>
  <testcase name="verifyStatusCodeAndStatusLine" time="0.002" classname="testcases.TC02_GET_badgesRecipients"/>
</testsuite> <!-- testcases.TC02_GET_badgesRecipients -->
