<?xml version="1.0" encoding="UTF-8"?>
<!-- Generated by org.testng.reporters.JUnitReportReporter -->
<testsuite skipped="0" hostname="anita-ThinkPad-E480" name="testcases.TC03_GET_BadgesTags" tests="2" failures="0" timestamp="2020-09-02T01:26:39 IST" time="0.296" errors="0">
  <testcase name="verifyStatusCodeAndStatusLine" time="0.005" classname="testcases.TC03_GET_BadgesTags"/>
  <testcase name="verifyTagbasedBadge" time="0.291" classname="testcases.TC03_GET_BadgesTags"/>
</testsuite> <!-- testcases.TC03_GET_BadgesTags -->
